###############################################################################
#
# IAR ANSI C/C++ Compiler V8.40.2.214/W32 for ARM         22/May/2021  13:52:45
# Copyright 1999-2019 IAR Systems AB.
#
#    Cpu mode     =  
#    Endian       =  little
#    Source file  =
#        D:\Cpecialno dlyf
#        IAR\Kursach\RTOS-main\RTOS-main\RtosWrapper\startupF411RE.cpp
#    Command line =
#        -f C:\Users\kadyr\AppData\Local\Temp\EW6267.tmp ("D:\Cpecialno dlyf
#        IAR\Kursach\RTOS-main\RTOS-main\RtosWrapper\startupF411RE.cpp" -lC
#        "D:\Cpecialno dlyf
#        IAR\Kursach\RTOS-main\RTOS-main\RtosWrapper\Debug\List" -lA
#        "D:\Cpecialno dlyf
#        IAR\Kursach\RTOS-main\RTOS-main\RtosWrapper\Debug\List" -o
#        "D:\Cpecialno dlyf
#        IAR\Kursach\RTOS-main\RTOS-main\RtosWrapper\Debug\Obj" --no_cse
#        --no_unroll --no_inline --no_code_motion --no_tbaa --no_clustering
#        --no_scheduling --debug --endian=little --cpu=Cortex-M4 -e
#        --fpu=VFPv4_sp --dlib_config "D:\@@@@@ @@@
#        @@@@@\arm\inc\c\DLib_Config_Normal.h" -I "D:\Cpecialno dlyf
#        IAR\Kursach\RTOS-main\RTOS-main\RtosWrapper\Rtos\" -I "D:\Cpecialno
#        dlyf IAR\Kursach\RTOS-main\RTOS-main\RtosWrapper\Rtos\wrapper\" -I
#        "D:\Cpecialno dlyf
#        IAR\Kursach\RTOS-main\RTOS-main\RtosWrapper\Rtos\wrapper\FreeRtos\" -I
#        "D:\Cpecialno dlyf
#        IAR\Kursach\RTOS-main\RTOS-main\RtosWrapper\Rtos\FreeRtos\" -I
#        "D:\Cpecialno dlyf
#        IAR\Kursach\RTOS-main\RTOS-main\RtosWrapper\Rtos\FreeRtos\include\" -I
#        "D:\Cpecialno dlyf
#        IAR\Kursach\RTOS-main\RTOS-main\RtosWrapper\Rtos\FreeRtos\portable\"
#        -I "D:\Cpecialno dlyf
#        IAR\Kursach\RTOS-main\RTOS-main\RtosWrapper\Rtos\FreeRtos\portable\Common\"
#        -I "D:\Cpecialno dlyf
#        IAR\Kursach\RTOS-main\RTOS-main\RtosWrapper\Rtos\FreeRtos\portable\IAR\"
#        -I "D:\Cpecialno dlyf
#        IAR\Kursach\RTOS-main\RTOS-main\RtosWrapper\Rtos\FreeRtos\portable\IAR\ARM_CM4F\"
#        -I "D:\Cpecialno dlyf
#        IAR\Kursach\RTOS-main\RTOS-main\RtosWrapper\Rtos\FreeRtos\portable\MemMang\"
#        -I "D:\Cpecialno dlyf
#        IAR\Kursach\RTOS-main\RTOS-main\RtosWrapper\MyTasks\" -I "D:\Cpecialno
#        dlyf IAR\Kursach\RTOS-main\RTOS-main\RtosWrapper\Common\" -I
#        "D:\Cpecialno dlyf IAR\Kursach\RTOS-main\RTOS-main\RtosWrapper\CMSIS\"
#        -I "D:\Cpecialno dlyf
#        IAR\Kursach\RTOS-main\RTOS-main\RtosWrapper\Application\" -I
#        "D:\Cpecialno dlyf
#        IAR\Kursach\RTOS-main\RTOS-main\RtosWrapper\Application\Diagnostic\"
#        -I "D:\Cpecialno dlyf
#        IAR\Kursach\RTOS-main\RTOS-main\RtosWrapper\AHardware\" -I
#        "D:\Cpecialno dlyf
#        IAR\Kursach\RTOS-main\RTOS-main\RtosWrapper\AHardware\GpioPort\" -I
#        "D:\Cpecialno dlyf
#        IAR\Kursach\RTOS-main\RTOS-main\RtosWrapper\AHardware\IrqController\"
#        -I "D:\Cpecialno dlyf
#        IAR\Kursach\RTOS-main\RTOS-main\RtosWrapper\..\CortexLib\AbstractHardware\Pin\"
#        -I "D:\Cpecialno dlyf
#        IAR\Kursach\RTOS-main\RTOS-main\RtosWrapper\AHardware\STM32F411\FieldValues\"
#        -I "D:\Cpecialno dlyf
#        IAR\Kursach\RTOS-main\RTOS-main\RtosWrapper\AHardware\STM32F411\" -I
#        "D:\Cpecialno dlyf
#        IAR\Kursach\RTOS-main\RTOS-main\RtosWrapper\..\CortexLib\AbstractHardware\Registers\"
#        -I "D:\Cpecialno dlyf
#        IAR\Kursach\RTOS-main\RTOS-main\RtosWrapper\..\CortexLib\AbstractHardware\Port\"
#        -I "D:\Cpecialno dlyf
#        IAR\Kursach\RTOS-main\RTOS-main\RtosWrapper\..\CortexLib\AbstractHardware\Atomic\"
#        -I "D:\Cpecialno dlyf
#        IAR\Kursach\RTOS-main\RTOS-main\RtosWrapper\..\CortexLib\Common\" -I
#        "D:\Cpecialno dlyf
#        IAR\Kursach\RTOS-main\RTOS-main\RtosWrapper\..\CortexLib\Common\Singleton\"
#        -I "D:\Cpecialno dlyf
#        IAR\Kursach\RTOS-main\RTOS-main\RtosWrapper\..\CortexLib\Common\RomObject\"
#        -I "D:\Cpecialno dlyf
#        IAR\Kursach\RTOS-main\RTOS-main\RtosWrapper\AHardware\STM32F411\FieldValues\"
#        -I "D:\Cpecialno dlyf
#        IAR\Kursach\RTOS-main\RTOS-main\RtosWrapper\AHardware\CortexM4\" -I
#        "D:\Cpecialno dlyf
#        IAR\Kursach\RTOS-main\RTOS-main\RtosWrapper\AHardware\CortexM4\" -I
#        "D:\Cpecialno dlyf
#        IAR\Kursach\RTOS-main\RTOS-main\RtosWrapper\AHardware\STM32F411\" -I
#        "D:\Cpecialno dlyf
#        IAR\Kursach\RTOS-main\RTOS-main\RtosWrapper\AHardware\ColorSensorClasses\"
#        -I "D:\Cpecialno dlyf
#        IAR\Kursach\RTOS-main\RTOS-main\RtosWrapper\AHardware\CortexM4\FieldValues\"
#        -On --c++ --no_exceptions --no_rtti)
#    Locale       =  C
#    List file    =
#        D:\Cpecialno dlyf
#        IAR\Kursach\RTOS-main\RTOS-main\RtosWrapper\Debug\List\startupF411RE.lst
#    Object file  =
#        D:\Cpecialno dlyf
#        IAR\Kursach\RTOS-main\RTOS-main\RtosWrapper\Debug\Obj\startupF411RE.o
#
###############################################################################

D:\Cpecialno dlyf IAR\Kursach\RTOS-main\RTOS-main\RtosWrapper\startupF411RE.cpp
      1          /******************************************************************************
Warning[Ms014]: some characters could not be correctly encoded in "D:\Cpecialno
          dlyf
          IAR\Kursach\RTOS-main\RTOS-main\RtosWrapper\Debug\List\startupF411RE
          .s", and have been replaced with '@'. The first such character has
          unicode code point 0x41f ("@")
      2           *  FILENAME: startupF411RE.cpp
      3           *  
      4           * DESCRIPTION: Файл с векторами прерывания для Cortex-M. для С++.
      5           * Поскольку почему-то в Cortex-M все обработчики должны по имени точно 
      6           *  совпадать с имена в таблице векторов, а название метода из С++ класса 
      7           * совпасть с такой таблицей со стандратными стартап файлами никак не может
      8           * то вот приходиться такой же писать на С++. 
      9           * Внимание!!!!!! Имена классов точно должны совпадать с именами у вас в проекте
     10           * Можно изменить и сократить количество классов, если есть желание, например
     11           *
     12           * Copyright (c) 2018 by South Ural State University
     13           * Author: Сергей Колодий
     14           ******************************************************************************/
     15          
     16          #pragma language = extended
     17          #pragma segment = "CSTACK"
     18          #include "AHardware/IrqController/irqcontroller.hpp"
     19          #include "Rtos/wrapper/rtos.hpp"

   \                                 In section .rodata, align 1
   \   __absolute bool const std::chrono::system_clock::is_steady
   \                     _ZNSt6chrono12system_clock9is_steadyE:
   \        0x0   0x00               DC8 0

   \                                 In section .rodata, align 1
   \   __absolute bool const std::chrono::system_clock::is_monotonic
   \                     _ZNSt6chrono12system_clock12is_monotonicE:
   \        0x0   0x00               DC8 0

   \                                 In section .rodata, align 1
   \   __absolute bool const std::chrono::steady_clock::is_steady
   \                     _ZNSt6chrono12steady_clock9is_steadyE:
   \        0x0   0x01               DC8 1

   \                                 In section .text, align 2
   \   __interwork __vfp void OsWrapper::RtosWrapper::wHandleSvcInterrupt()
   \                     _ZN9OsWrapper11RtosWrapper19wHandleSvcInterruptEv: (+1)
   \        0x0   0xB580             PUSH     {R7,LR}
   \        0x2   0x....'....        BL       vPortSVCHandler
   \        0x6   0xBD01             POP      {R0,PC}          ;; return

   \                                 In section .text, align 2
   \   __interwork __vfp void OsWrapper::RtosWrapper::wHandleSysTickInterrupt()
   \                     _ZN9OsWrapper11RtosWrapper23wHandleSysTickInterruptEv: (+1)
   \        0x0   0xB580             PUSH     {R7,LR}
   \        0x2   0x....'....        BL       xPortSysTickHandler
   \        0x6   0xBD01             POP      {R0,PC}          ;; return

   \                                 In section .text, align 2
   \   __interwork __vfp void OsWrapper::Rtos::HandleSvcInterrupt()
   \                     _ZN9OsWrapper4Rtos18HandleSvcInterruptEv: (+1)
   \        0x0   0xB580             PUSH     {R7,LR}
   \        0x2   0x....'....        BL       _ZN9OsWrapper11RtosWrapper19wHandleSvcInterruptEv
   \        0x6   0xBD01             POP      {R0,PC}          ;; return

   \                                 In section .text, align 2
   \   __interwork __vfp void OsWrapper::Rtos::HandleSysTickInterrupt()
   \                     _ZN9OsWrapper4Rtos22HandleSysTickInterruptEv: (+1)
   \        0x0   0xB580             PUSH     {R7,LR}
   \        0x2   0x....'....        BL       _ZN9OsWrapper11RtosWrapper23wHandleSysTickInterruptEv
   \        0x6   0xBD01             POP      {R0,PC}          ;; return
     20          #include "Timer2.h"

   \                                 In section .text, align 2
   \   __code __interwork __vfp Timer2::Timer2()
   \                     _ZN6Timer2C1Ev: (+1)
   \        0x0   0x2100             MOVS     R1,#+0
   \        0x2   0x6041             STR      R1,[R0, #+4]
   \        0x4   0x2100             MOVS     R1,#+0
   \        0x6   0x6081             STR      R1,[R0, #+8]
   \        0x8   0x4770             BX       LR               ;; return

   \                                 In section .text, align 2, keep-with-next
   \   static __intrinsic __interwork __vfp void __sti__routine()
   \                     __sti__routine: (+1)
   \        0x0   0xB580             PUSH     {R7,LR}
   \        0x2   0x....             LDR.N    R1,??DataTable0
   \        0x4   0x7808             LDRB     R0,[R1, #+0]
   \        0x6   0x2800             CMP      R0,#+0
   \        0x8   0xD104             BNE.N    ??__sti__routine_0
   \        0xA   0x2001             MOVS     R0,#+1
   \        0xC   0x7008             STRB     R0,[R1, #+0]
   \        0xE   0x....             LDR.N    R0,??DataTable0_1
   \       0x10   0x....'....        BL       _ZN6Timer2C1Ev
   \                     ??__sti__routine_0: (+1)
   \       0x14   0xBD01             POP      {R0,PC}          ;; return

   \                                 In section .bss, align 4
   \   __absolute Timer2 timer2
   \                     timer2:
   \        0x0                      DS8 12
     21          
     22          
     23          extern "C" void __iar_program_start( void );
     24          extern "C" void xPortPendSVHandler(void);
     25          
     26          
     27          class DummyModule
     28          {
     29            public:
     30              static void handler();
     31          };
     32          
     33          using tIntFunct = void(*)();
     34          //cstat !MISRAC++2008-9-5-1
     35          using tIntVectItem = union {tIntFunct __fun; void * __ptr;};
     36          
     37          // The vector table is normally located at address 0.
     38          // When debugging in RAM, it can be located in RAM, aligned to at least 2^6.
     39          // If you need to define interrupt service routines,
     40          // make a copy of this file and include it in your project.
     41          // The name "__vector_table" has special meaning for C-SPY:
     42          // it is where the SP start value is found, and the NVIC vector
     43          // table register (VTOR) is initialized to this address if != 0.
     44          
     45          #pragma location = ".intvec"
     46          //cstat !MISRAC++2008-0-1-4_b !MISRAC++2008-9-5-1

   \                                 In section .intvec, align 4
     47          extern "C" const tIntVectItem __vector_table[] =
   \                     __vector_table:
   \        0x0   0x....'....        DC32 SFE(CSTACK), __iar_program_start, _ZN11DummyModule7handlerEv
   \              0x....'....  
   \              0x....'....  
   \        0xC   0x....'....        DC32 _ZN11DummyModule7handlerEv, _ZN11DummyModule7handlerEv
   \              0x....'....  
   \       0x14   0x....'....        DC32 _ZN11DummyModule7handlerEv, _ZN11DummyModule7handlerEv, 0x0, 0x0
   \              0x....'....  
   \              0x0000'0000  
   \              0x0000'0000  
   \       0x24   0x0000'0000        DC32 0x0, 0x0, _ZN9OsWrapper4Rtos18HandleSvcInterruptEv
   \              0x0000'0000  
   \              0x....'....  
   \       0x30   0x....'....        DC32 _ZN11DummyModule7handlerEv, 0x0, xPortPendSVHandler
   \              0x0000'0000  
   \              0x....'....  
   \       0x3C   0x....'....        DC32 _ZN9OsWrapper4Rtos22HandleSysTickInterruptEv
   \       0x40   0x....'....        DC32 _ZN11DummyModule7handlerEv, _ZN11DummyModule7handlerEv
   \              0x....'....  
   \       0x48   0x....'....        DC32 _ZN11DummyModule7handlerEv, _ZN11DummyModule7handlerEv
   \              0x....'....  
   \       0x50   0x....'....        DC32 _ZN11DummyModule7handlerEv, _ZN11DummyModule7handlerEv
   \              0x....'....  
   \       0x58   0x....'....        DC32 _ZN11DummyModule7handlerEv, _ZN11DummyModule7handlerEv
   \              0x....'....  
   \       0x60   0x....'....        DC32 _ZN11DummyModule7handlerEv, _ZN11DummyModule7handlerEv
   \              0x....'....  
   \       0x68   0x....'....        DC32 _ZN11DummyModule7handlerEv, _ZN11DummyModule7handlerEv
   \              0x....'....  
   \       0x70   0x....'....        DC32 _ZN11DummyModule7handlerEv, _ZN11DummyModule7handlerEv
   \              0x....'....  
   \       0x78   0x....'....        DC32 _ZN11DummyModule7handlerEv, _ZN11DummyModule7handlerEv
   \              0x....'....  
   \       0x80   0x....'....        DC32 _ZN11DummyModule7handlerEv, _ZN11DummyModule7handlerEv
   \              0x....'....  
   \       0x88   0x....'....        DC32 _ZN11DummyModule7handlerEv, 0x0, 0x0, 0x0, 0x0
   \              0x0000'0000  
   \              0x0000'0000  
   \              0x0000'0000  
   \              0x0000'0000  
   \       0x9C   0x....'....        DC32 _ZN11DummyModule7handlerEv, _ZN11DummyModule7handlerEv
   \              0x....'....  
   \       0xA4   0x....'....        DC32 _ZN11DummyModule7handlerEv, _ZN11DummyModule7handlerEv
   \              0x....'....  
   \       0xAC   0x....'....        DC32 _ZN11DummyModule7handlerEv, _ZN13IrqController13HandleIrqTim2Ev
   \              0x....'....  
   \       0xB4   0x....'....        DC32 _ZN11DummyModule7handlerEv, _ZN11DummyModule7handlerEv
   \              0x....'....  
   \       0xBC   0x....'....        DC32 _ZN11DummyModule7handlerEv, _ZN11DummyModule7handlerEv
   \              0x....'....  
   \       0xC4   0x....'....        DC32 _ZN11DummyModule7handlerEv, _ZN11DummyModule7handlerEv
   \              0x....'....  
   \       0xCC   0x....'....        DC32 _ZN11DummyModule7handlerEv, _ZN11DummyModule7handlerEv
   \              0x....'....  
   \       0xD4   0x....'....        DC32 _ZN11DummyModule7handlerEv, _ZN13IrqController15HandleIrqUsart2Ev
   \              0x....'....  
   \       0xDC   0x0000'0000        DC32 0x0, _ZN13IrqController22HandleIrqExtiLine15_10Ev
   \              0x....'....  
   \       0xE4   0x....'....        DC32 _ZN11DummyModule7handlerEv, _ZN11DummyModule7handlerEv, 0x0, 0x0
   \              0x....'....  
   \              0x0000'0000  
   \              0x0000'0000  
   \       0xF4   0x0000'0000        DC32 0x0, 0x0, _ZN11DummyModule7handlerEv, 0x0
   \              0x0000'0000  
   \              0x....'....  
   \              0x0000'0000  
   \      0x104   0x....'....        DC32 _ZN11DummyModule7handlerEv, _ZN11DummyModule7handlerEv
   \              0x....'....  
   \      0x10C   0x....'....        DC32 _ZN11DummyModule7handlerEv, 0x0, 0x0, 0x0, 0x0
   \              0x0000'0000  
   \              0x0000'0000  
   \              0x0000'0000  
   \              0x0000'0000  
   \      0x120   0x....'....        DC32 _ZN11DummyModule7handlerEv, _ZN11DummyModule7handlerEv
   \              0x....'....  
   \      0x128   0x....'....        DC32 _ZN11DummyModule7handlerEv, _ZN11DummyModule7handlerEv
   \              0x....'....  
   \      0x130   0x....'....        DC32 _ZN11DummyModule7handlerEv, 0x0, 0x0, 0x0, 0x0, 0x0, 0x0
   \              0x0000'0000  
   \              0x0000'0000  
   \              0x0000'0000  
   \              0x0000'0000  
   \              0x0000'0000  
   \              0x0000'0000  
   \      0x14C   0x....'....        DC32 _ZN11DummyModule7handlerEv, _ZN11DummyModule7handlerEv
   \              0x....'....  
   \      0x154   0x....'....        DC32 _ZN11DummyModule7handlerEv, _ZN11DummyModule7handlerEv
   \              0x....'....  
   \      0x15C   0x....'....        DC32 _ZN11DummyModule7handlerEv, _ZN11DummyModule7handlerEv
   \              0x....'....  
   \      0x164   0x....'....        DC32 _ZN11DummyModule7handlerEv, 0x0, 0x0, 0x0, 0x0, 0x0, 0x0, 0x0
   \              0x0000'0000  
   \              0x0000'0000  
   \              0x0000'0000  
   \              0x0000'0000  
   \              0x0000'0000  
   \              0x0000'0000  
   \              0x0000'0000  
   \      0x184   0x....'....        DC32 _ZN11DummyModule7handlerEv, 0x0, 0x0, _ZN11DummyModule7handlerEv
   \              0x0000'0000  
   \              0x0000'0000  
   \              0x....'....  
   \      0x194   0x....'....        DC32 _ZN11DummyModule7handlerEv
     48          {
     49            { .__ptr = __sfe( "CSTACK" ) },
     50            __iar_program_start,
     51          
     52            DummyModule::handler,
     53            DummyModule::handler,
     54            DummyModule::handler,
     55            DummyModule::handler,
     56            DummyModule::handler,
     57            0,
     58            0,
     59            0,
     60            0,
     61            OsWrapper::Rtos::HandleSvcInterrupt,
     62            DummyModule::handler,
     63            0,
     64            xPortPendSVHandler,
     65            OsWrapper::Rtos::HandleSysTickInterrupt,
     66            //External Interrupts
     67            DummyModule::handler,         //Window Watchdog
     68            DummyModule::handler,         //PVD through EXTI Line detect/EXTI16
     69            DummyModule::handler,         //Tamper and Time Stamp/EXTI21 
     70            DummyModule::handler,         //RTC Wakeup/EXTI22 
     71            DummyModule::handler,         //FLASH
     72            DummyModule::handler,         //RCC
     73            DummyModule::handler,         //EXTI Line 0
     74            DummyModule::handler,         //EXTI Line 1
     75            DummyModule::handler,         //EXTI Line 2
     76            DummyModule::handler,         //EXTI Line 3
     77            DummyModule::handler,         //EXTI Line 4
     78            DummyModule::handler,         //DMA1 Stream 0
     79            DummyModule::handler,         //DMA1 Stream 1
     80            DummyModule::handler,         //DMA1 Stream 2
     81            DummyModule::handler,         //DMA1 Stream 3
     82            DummyModule::handler,         //DMA1 Stream 4
     83            DummyModule::handler,         //DMA1 Stream 5
     84            DummyModule::handler,         //DMA1 Stream 6
     85            DummyModule::handler,         //ADC1
     86            0,                            //USB High Priority
     87            0,                            //USB Low  Priority
     88            0,                            //DAC
     89            0,                            //COMP through EXTI Line
     90            DummyModule::handler,         //EXTI Line 9..5
     91            DummyModule::handler,         //TIM9/TIM1 Break interrupt 
     92            DummyModule::handler,         //TIM10/TIM1 Update interrupt
     93            DummyModule::handler,         //TIM11/TIM1 Trigger/Commutation interrupts
     94            DummyModule::handler,		//TIM1 Capture Compare interrupt
     95            IrqController::HandleIrqTim2,         //TIM2  	
     96            DummyModule::handler,         //TIM3
     97            DummyModule::handler,         //TIM4
     98            DummyModule::handler,         //I2C1 Event
     99            DummyModule::handler,         //I2C1 Error
    100            DummyModule::handler,         //I2C2 Event
    101            DummyModule::handler,         //I2C2 Error
    102            DummyModule::handler,         //SPI1
    103            DummyModule::handler,         //SPI2
    104            DummyModule::handler,         //USART1
    105            IrqController::HandleIrqUsart2,         //USART2
    106            0,
    107            IrqController::HandleIrqExtiLine15_10,         //EXTI Line 15..10
    108            DummyModule::handler,         //EXTI Line 17 interrupt / RTC Alarms (A and B) through EXTI line interrupt
    109            DummyModule::handler,         //EXTI Line 18 interrupt / USB On-The-Go  FS Wakeup through EXTI line interrupt
    110            0,				//TIM6
    111            0,				//TIM7  f0
    112            0,
    113            0,
    114            DummyModule::handler,         //DMA1 Stream 7 global interrupt fc
    115            0,
    116            DummyModule::handler,	        //SDIO global interrupt
    117            DummyModule::handler,	        //TIM5 global interrupt
    118            DummyModule::handler,	        //SPI3 global interrupt
    119            0,			        // 110
    120            0,
    121            0,
    122            0,
    123            DummyModule::handler,		//DMA2 Stream0 global interrupt 120
    124            DummyModule::handler,		//DMA2 Stream1 global interrupt
    125            DummyModule::handler,		//DMA2 Stream2 global interrupt
    126            DummyModule::handler,		//DMA2 Stream3 global interrupt
    127            DummyModule::handler,		//DMA2 Stream4 global interrupt 130
    128            0,
    129            0,
    130            0,
    131            0,
    132            0,
    133            0,
    134            DummyModule::handler,		//USB On The Go FS global interrupt, 14C
    135            DummyModule::handler,		//DMA2 Stream5 global interrupt
    136            DummyModule::handler,		//DMA2 Stream6 global interrupt
    137            DummyModule::handler,		//DMA2 Stream7 global interrupt
    138            DummyModule::handler,				//USART6 15C
    139            DummyModule::handler,         //I2C3 Event
    140            DummyModule::handler,         //I2C3 Error 164
    141            0,
    142            0,
    143            0,
    144            0,
    145            0,
    146            0,
    147            0,
    148            DummyModule::handler,		//FPU 184
    149            0,
    150            0,
    151            DummyModule::handler,		//SPI 4 global interrupt
    152            DummyModule::handler		//SPI 5 global interrupt
    153          };
    154          

   \                                 In section .text, align 2, keep-with-next
    155          void DummyModule::handler()   { for(;;) {} } ;
   \                     _ZN11DummyModule7handlerEv: (+1)
   \                     ??handler_0: (+1)
   \        0x0   0xE7FE             B.N      ??handler_0
    156          
    157          extern "C" void __cmain( void );
    158          extern "C" __weak void __iar_init_core( void );
    159          extern "C" __weak void __iar_init_vfp( void );
    160          
    161          #pragma required=__vector_table

   \                                 In section .text, align 2, keep-with-next
    162          void __iar_program_start( void )
    163          {
   \                     __iar_program_start: (+1)
   \        0x0   0xB580             PUSH     {R7,LR}
    164            __iar_init_core();
   \        0x2   0x....'....        BL       __iar_init_core
    165            __iar_init_vfp();
   \        0x6   0x....'....        BL       __iar_init_vfp
    166            __cmain();
   \        0xA   0x....'....        BL       __cmain
    167          }
   \        0xE   0xBD01             POP      {R0,PC}          ;; return
   \       0x10                      REQUIRE __vector_table

   \                                 In section .text, align 4, keep-with-next
   \                     ??DataTable0:
   \        0x0   0x....'....        DC32     _ZGV6timer2

   \                                 In section .text, align 4, keep-with-next
   \                     ??DataTable0_1:
   \        0x0   0x....'....        DC32     timer2
    168          

   Maximum stack usage in bytes:

   .cstack Function
   ------- --------
       0   DummyModule::handler()
       8   OsWrapper::Rtos::HandleSvcInterrupt()
         8   -> OsWrapper::RtosWrapper::wHandleSvcInterrupt()
       8   OsWrapper::Rtos::HandleSysTickInterrupt()
         8   -> OsWrapper::RtosWrapper::wHandleSysTickInterrupt()
       8   OsWrapper::RtosWrapper::wHandleSvcInterrupt()
         8   -> OsWrapper::vPortSVCHandler
       8   OsWrapper::RtosWrapper::wHandleSysTickInterrupt()
         8   -> OsWrapper::xPortSysTickHandler
       0   Timer2::Timer2()
       8   __iar_program_start
         8   -> __cmain
         8   -> __iar_init_core
         8   -> __iar_init_vfp
       8   __sti__routine()
         8   -> Timer2::Timer2()


   Section sizes:

   Bytes  Function/Label
   -----  --------------
       4  ??DataTable0
       4  ??DataTable0_1
       2  DummyModule::handler()
       8  OsWrapper::Rtos::HandleSvcInterrupt()
       8  OsWrapper::Rtos::HandleSysTickInterrupt()
       8  OsWrapper::RtosWrapper::wHandleSvcInterrupt()
       8  OsWrapper::RtosWrapper::wHandleSysTickInterrupt()
      10  Timer2::Timer2()
      16  __iar_program_start
      22  __sti__routine()
     408  __vector_table
       1  std::chrono::steady_clock::is_steady
       1  std::chrono::system_clock::is_monotonic
       1  std::chrono::system_clock::is_steady
      12  timer2
      49  -- Other

 
  13 bytes in section .bss
   4 bytes in section .init_array
 408 bytes in section .intvec
  47 bytes in section .rodata
  90 bytes in section .text
 
  52 bytes of CODE  memory (+ 42 bytes shared)
 408 bytes of CONST memory (+ 47 bytes shared)
   0 bytes of DATA  memory (+ 13 bytes shared)

Errors: none
Warnings: 1
